{"/Users/chaowalit.kon/Documents/learning/javascripting/functional-javascript/TDD/unit-testing/do-math.js": {"path":"/Users/chaowalit.kon/Documents/learning/javascripting/functional-javascript/TDD/unit-testing/do-math.js","statementMap":{"0":{"start":{"line":1,"column":15},"end":{"line":12,"column":1}},"1":{"start":{"line":2,"column":28},"end":{"line":2,"column":32}},"2":{"start":{"line":4,"column":4},"end":{"line":10,"column":5}},"3":{"start":{"line":5,"column":8},"end":{"line":5,"column":67}},"4":{"start":{"line":5,"column":50},"end":{"line":5,"column":61}},"5":{"start":{"line":6,"column":10},"end":{"line":10,"column":5}},"6":{"start":{"line":7,"column":8},"end":{"line":7,"column":67}},"7":{"start":{"line":7,"column":50},"end":{"line":7,"column":61}},"8":{"start":{"line":9,"column":8},"end":{"line":9,"column":21}},"9":{"start":{"line":14,"column":0},"end":{"line":14,"column":24}}},"fnMap":{"0":{"name":"(anonymous_0)","decl":{"start":{"line":1,"column":15},"end":{"line":1,"column":16}},"loc":{"start":{"line":1,"column":28},"end":{"line":12,"column":1}},"line":1},"1":{"name":"(anonymous_1)","decl":{"start":{"line":5,"column":26},"end":{"line":5,"column":27}},"loc":{"start":{"line":5,"column":50},"end":{"line":5,"column":61}},"line":5},"2":{"name":"(anonymous_2)","decl":{"start":{"line":7,"column":26},"end":{"line":7,"column":27}},"loc":{"start":{"line":7,"column":50},"end":{"line":7,"column":61}},"line":7}},"branchMap":{"0":{"loc":{"start":{"line":4,"column":4},"end":{"line":10,"column":5}},"type":"if","locations":[{"start":{"line":4,"column":4},"end":{"line":10,"column":5}},{"start":{"line":4,"column":4},"end":{"line":10,"column":5}}],"line":4},"1":{"loc":{"start":{"line":6,"column":10},"end":{"line":10,"column":5}},"type":"if","locations":[{"start":{"line":6,"column":10},"end":{"line":10,"column":5}},{"start":{"line":6,"column":10},"end":{"line":10,"column":5}}],"line":6}},"s":{"0":1,"1":3,"2":3,"3":1,"4":3,"5":2,"6":1,"7":3,"8":1,"9":1},"f":{"0":3,"1":3,"2":3},"b":{"0":[1,2],"1":[1,1]},"_coverageSchema":"332fd63041d2c1bcb487cc26dd0d5f7d97098a6c","hash":"358274012c95bde84191257896584a927dee9e0f"}
,"/Users/chaowalit.kon/Documents/learning/javascripting/functional-javascript/TDD/unit-testing/do-math2.js": {"path":"/Users/chaowalit.kon/Documents/learning/javascripting/functional-javascript/TDD/unit-testing/do-math2.js","statementMap":{"0":{"start":{"line":1,"column":15},"end":{"line":11,"column":1}},"1":{"start":{"line":3,"column":4},"end":{"line":9,"column":5}},"2":{"start":{"line":4,"column":8},"end":{"line":4,"column":68}},"3":{"start":{"line":4,"column":51},"end":{"line":4,"column":62}},"4":{"start":{"line":5,"column":10},"end":{"line":9,"column":5}},"5":{"start":{"line":6,"column":8},"end":{"line":6,"column":68}},"6":{"start":{"line":6,"column":51},"end":{"line":6,"column":62}},"7":{"start":{"line":8,"column":8},"end":{"line":8,"column":21}},"8":{"start":{"line":13,"column":0},"end":{"line":13,"column":24}}},"fnMap":{"0":{"name":"(anonymous_0)","decl":{"start":{"line":1,"column":15},"end":{"line":1,"column":16}},"loc":{"start":{"line":1,"column":43},"end":{"line":11,"column":1}},"line":1},"1":{"name":"(anonymous_1)","decl":{"start":{"line":4,"column":27},"end":{"line":4,"column":28}},"loc":{"start":{"line":4,"column":51},"end":{"line":4,"column":62}},"line":4},"2":{"name":"(anonymous_2)","decl":{"start":{"line":6,"column":27},"end":{"line":6,"column":28}},"loc":{"start":{"line":6,"column":51},"end":{"line":6,"column":62}},"line":6}},"branchMap":{"0":{"loc":{"start":{"line":1,"column":16},"end":{"line":1,"column":29}},"type":"default-arg","locations":[{"start":{"line":1,"column":24},"end":{"line":1,"column":29}}],"line":1},"1":{"loc":{"start":{"line":3,"column":4},"end":{"line":9,"column":5}},"type":"if","locations":[{"start":{"line":3,"column":4},"end":{"line":9,"column":5}},{"start":{"line":3,"column":4},"end":{"line":9,"column":5}}],"line":3},"2":{"loc":{"start":{"line":5,"column":10},"end":{"line":9,"column":5}},"type":"if","locations":[{"start":{"line":5,"column":10},"end":{"line":9,"column":5}},{"start":{"line":5,"column":10},"end":{"line":9,"column":5}}],"line":5}},"s":{"0":1,"1":4,"2":2,"3":6,"4":2,"5":1,"6":3,"7":1,"8":1},"f":{"0":4,"1":6,"2":3},"b":{"0":[1],"1":[2,2],"2":[1,1]},"_coverageSchema":"332fd63041d2c1bcb487cc26dd0d5f7d97098a6c","hash":"6fad932152a3a4d3d9b02fbd55c9ce3a53ff30a7"}
,"/Users/chaowalit.kon/Documents/learning/javascripting/functional-javascript/TDD/unit-testing/generate-pattern.js": {"path":"/Users/chaowalit.kon/Documents/learning/javascripting/functional-javascript/TDD/unit-testing/generate-pattern.js","statementMap":{"0":{"start":{"line":1,"column":24},"end":{"line":37,"column":1}},"1":{"start":{"line":2,"column":4},"end":{"line":4,"column":5}},"2":{"start":{"line":3,"column":8},"end":{"line":3,"column":21}},"3":{"start":{"line":5,"column":17},"end":{"line":5,"column":19}},"4":{"start":{"line":6,"column":4},"end":{"line":22,"column":7}},"5":{"start":{"line":7,"column":8},"end":{"line":21,"column":9}},"6":{"start":{"line":8,"column":12},"end":{"line":9,"column":2}},"7":{"start":{"line":11,"column":12},"end":{"line":13,"column":13}},"8":{"start":{"line":12,"column":16},"end":{"line":12,"column":38}},"9":{"start":{"line":14,"column":12},"end":{"line":20,"column":13}},"10":{"start":{"line":15,"column":16},"end":{"line":15,"column":43}},"11":{"start":{"line":18,"column":16},"end":{"line":19,"column":2}},"12":{"start":{"line":36,"column":4},"end":{"line":36,"column":18}},"13":{"start":{"line":39,"column":0},"end":{"line":39,"column":33}}},"fnMap":{"0":{"name":"(anonymous_0)","decl":{"start":{"line":1,"column":24},"end":{"line":1,"column":25}},"loc":{"start":{"line":1,"column":33},"end":{"line":37,"column":1}},"line":1},"1":{"name":"(anonymous_1)","decl":{"start":{"line":6,"column":16},"end":{"line":6,"column":17}},"loc":{"start":{"line":6,"column":25},"end":{"line":22,"column":5}},"line":6}},"branchMap":{"0":{"loc":{"start":{"line":2,"column":4},"end":{"line":4,"column":5}},"type":"if","locations":[{"start":{"line":2,"column":4},"end":{"line":4,"column":5}},{"start":{"line":2,"column":4},"end":{"line":4,"column":5}}],"line":2},"1":{"loc":{"start":{"line":7,"column":8},"end":{"line":21,"column":9}},"type":"if","locations":[{"start":{"line":7,"column":8},"end":{"line":21,"column":9}},{"start":{"line":7,"column":8},"end":{"line":21,"column":9}}],"line":7},"2":{"loc":{"start":{"line":14,"column":12},"end":{"line":20,"column":13}},"type":"if","locations":[{"start":{"line":14,"column":12},"end":{"line":20,"column":13}},{"start":{"line":14,"column":12},"end":{"line":20,"column":13}}],"line":14}},"s":{"0":1,"1":6,"2":4,"3":2,"4":2,"5":6,"6":1,"7":5,"8":12,"9":5,"10":2,"11":3,"12":2,"13":1},"f":{"0":6,"1":6},"b":{"0":[4,2],"1":[1,5],"2":[2,3]},"_coverageSchema":"332fd63041d2c1bcb487cc26dd0d5f7d97098a6c","hash":"9eb4868359ef9214a587068407840493dcd86926"}
,"/Users/chaowalit.kon/Documents/learning/javascripting/functional-javascript/TDD/unit-testing/print-pattern.js": {"path":"/Users/chaowalit.kon/Documents/learning/javascripting/functional-javascript/TDD/unit-testing/print-pattern.js","statementMap":{"0":{"start":{"line":1,"column":19},"end":{"line":9,"column":1}},"1":{"start":{"line":2,"column":4},"end":{"line":4,"column":5}},"2":{"start":{"line":3,"column":8},"end":{"line":3,"column":21}},"3":{"start":{"line":5,"column":4},"end":{"line":8,"column":6}},"4":{"start":{"line":21,"column":0},"end":{"line":21,"column":30}}},"fnMap":{"0":{"name":"(anonymous_0)","decl":{"start":{"line":1,"column":19},"end":{"line":1,"column":20}},"loc":{"start":{"line":1,"column":28},"end":{"line":9,"column":1}},"line":1}},"branchMap":{"0":{"loc":{"start":{"line":2,"column":4},"end":{"line":4,"column":5}},"type":"if","locations":[{"start":{"line":2,"column":4},"end":{"line":4,"column":5}},{"start":{"line":2,"column":4},"end":{"line":4,"column":5}}],"line":2}},"s":{"0":1,"1":4,"2":3,"3":1,"4":1},"f":{"0":4},"b":{"0":[3,1]},"_coverageSchema":"332fd63041d2c1bcb487cc26dd0d5f7d97098a6c","hash":"6eb3c3be33022d0e8ffafb594f7247868eda64a3"}
,"/Users/chaowalit.kon/Documents/learning/javascripting/functional-javascript/TDD/unit-testing/print-stars-numbers.js": {"path":"/Users/chaowalit.kon/Documents/learning/javascripting/functional-javascript/TDD/unit-testing/print-stars-numbers.js","statementMap":{"0":{"start":{"line":1,"column":19},"end":{"line":17,"column":1}},"1":{"start":{"line":2,"column":17},"end":{"line":2,"column":19}},"2":{"start":{"line":3,"column":4},"end":{"line":15,"column":5}},"3":{"start":{"line":4,"column":8},"end":{"line":14,"column":9}},"4":{"start":{"line":5,"column":12},"end":{"line":13,"column":13}},"5":{"start":{"line":6,"column":16},"end":{"line":10,"column":17}},"6":{"start":{"line":7,"column":20},"end":{"line":7,"column":42}},"7":{"start":{"line":9,"column":20},"end":{"line":9,"column":44}},"8":{"start":{"line":12,"column":16},"end":{"line":12,"column":38}},"9":{"start":{"line":16,"column":4},"end":{"line":16,"column":18}},"10":{"start":{"line":19,"column":21},"end":{"line":35,"column":1}},"11":{"start":{"line":20,"column":17},"end":{"line":20,"column":19}},"12":{"start":{"line":21,"column":4},"end":{"line":33,"column":5}},"13":{"start":{"line":22,"column":8},"end":{"line":32,"column":9}},"14":{"start":{"line":23,"column":12},"end":{"line":31,"column":13}},"15":{"start":{"line":24,"column":16},"end":{"line":28,"column":17}},"16":{"start":{"line":25,"column":20},"end":{"line":25,"column":40}},"17":{"start":{"line":27,"column":20},"end":{"line":27,"column":46}},"18":{"start":{"line":30,"column":16},"end":{"line":30,"column":36}},"19":{"start":{"line":34,"column":4},"end":{"line":34,"column":18}},"20":{"start":{"line":37,"column":19},"end":{"line":40,"column":1}},"21":{"start":{"line":38,"column":14},"end":{"line":38,"column":52}},"22":{"start":{"line":38,"column":36},"end":{"line":38,"column":50}},"23":{"start":{"line":39,"column":4},"end":{"line":39,"column":28}},"24":{"start":{"line":42,"column":10},"end":{"line":46,"column":1}},"25":{"start":{"line":47,"column":0},"end":{"line":47,"column":21}}},"fnMap":{"0":{"name":"(anonymous_0)","decl":{"start":{"line":1,"column":19},"end":{"line":1,"column":20}},"loc":{"start":{"line":1,"column":32},"end":{"line":17,"column":1}},"line":1},"1":{"name":"(anonymous_1)","decl":{"start":{"line":19,"column":21},"end":{"line":19,"column":22}},"loc":{"start":{"line":19,"column":34},"end":{"line":35,"column":1}},"line":19},"2":{"name":"(anonymous_2)","decl":{"start":{"line":37,"column":19},"end":{"line":37,"column":20}},"loc":{"start":{"line":37,"column":45},"end":{"line":40,"column":1}},"line":37},"3":{"name":"(anonymous_3)","decl":{"start":{"line":38,"column":26},"end":{"line":38,"column":27}},"loc":{"start":{"line":38,"column":36},"end":{"line":38,"column":50}},"line":38}},"branchMap":{"0":{"loc":{"start":{"line":1,"column":20},"end":{"line":1,"column":27}},"type":"default-arg","locations":[{"start":{"line":1,"column":26},"end":{"line":1,"column":27}}],"line":1},"1":{"loc":{"start":{"line":5,"column":12},"end":{"line":13,"column":13}},"type":"if","locations":[{"start":{"line":5,"column":12},"end":{"line":13,"column":13}},{"start":{"line":5,"column":12},"end":{"line":13,"column":13}}],"line":5},"2":{"loc":{"start":{"line":6,"column":16},"end":{"line":10,"column":17}},"type":"if","locations":[{"start":{"line":6,"column":16},"end":{"line":10,"column":17}},{"start":{"line":6,"column":16},"end":{"line":10,"column":17}}],"line":6},"3":{"loc":{"start":{"line":19,"column":22},"end":{"line":19,"column":29}},"type":"default-arg","locations":[{"start":{"line":19,"column":28},"end":{"line":19,"column":29}}],"line":19},"4":{"loc":{"start":{"line":23,"column":12},"end":{"line":31,"column":13}},"type":"if","locations":[{"start":{"line":23,"column":12},"end":{"line":31,"column":13}},{"start":{"line":23,"column":12},"end":{"line":31,"column":13}}],"line":23},"5":{"loc":{"start":{"line":24,"column":16},"end":{"line":28,"column":17}},"type":"if","locations":[{"start":{"line":24,"column":16},"end":{"line":28,"column":17}},{"start":{"line":24,"column":16},"end":{"line":28,"column":17}}],"line":24}},"s":{"0":1,"1":3,"2":3,"3":7,"4":12,"5":7,"6":3,"7":4,"8":5,"9":3,"10":1,"11":3,"12":3,"13":10,"14":22,"15":10,"16":3,"17":7,"18":12,"19":3,"20":1,"21":2,"22":4,"23":2,"24":1,"25":1},"f":{"0":3,"1":3,"2":2,"3":4},"b":{"0":[1],"1":[7,5],"2":[3,4],"3":[1],"4":[10,12],"5":[3,7]},"_coverageSchema":"332fd63041d2c1bcb487cc26dd0d5f7d97098a6c","hash":"22e4d9a1e732b516b357dbccb69de9c6d88e1e8c"}
,"/Users/chaowalit.kon/Documents/learning/javascripting/functional-javascript/TDD/unit-testing/print.js": {"path":"/Users/chaowalit.kon/Documents/learning/javascripting/functional-javascript/TDD/unit-testing/print.js","statementMap":{"0":{"start":{"line":2,"column":4},"end":{"line":2,"column":29}},"1":{"start":{"line":3,"column":4},"end":{"line":5,"column":5}},"2":{"start":{"line":4,"column":16},"end":{"line":4,"column":17}},"3":{"start":{"line":6,"column":4},"end":{"line":6,"column":29}},"4":{"start":{"line":9,"column":0},"end":{"line":9,"column":10}}},"fnMap":{"0":{"name":"sum","decl":{"start":{"line":1,"column":9},"end":{"line":1,"column":12}},"loc":{"start":{"line":1,"column":19},"end":{"line":7,"column":1}},"line":1}},"branchMap":{"0":{"loc":{"start":{"line":3,"column":4},"end":{"line":5,"column":5}},"type":"if","locations":[{"start":{"line":3,"column":4},"end":{"line":5,"column":5}},{"start":{"line":3,"column":4},"end":{"line":5,"column":5}}],"line":3}},"s":{"0":0,"1":0,"2":0,"3":0,"4":0},"f":{"0":0},"b":{"0":[0,0]}}
,"/Users/chaowalit.kon/Documents/learning/javascripting/functional-javascript/TDD/unit-testing/subtract.js": {"path":"/Users/chaowalit.kon/Documents/learning/javascripting/functional-javascript/TDD/unit-testing/subtract.js","statementMap":{"0":{"start":{"line":2,"column":4},"end":{"line":4,"column":5}},"1":{"start":{"line":3,"column":8},"end":{"line":3,"column":31}},"2":{"start":{"line":5,"column":4},"end":{"line":5,"column":17}},"3":{"start":{"line":8,"column":0},"end":{"line":8,"column":21}}},"fnMap":{"0":{"name":"sum","decl":{"start":{"line":1,"column":9},"end":{"line":1,"column":12}},"loc":{"start":{"line":1,"column":18},"end":{"line":6,"column":1}},"line":1}},"branchMap":{"0":{"loc":{"start":{"line":2,"column":4},"end":{"line":4,"column":5}},"type":"if","locations":[{"start":{"line":2,"column":4},"end":{"line":4,"column":5}},{"start":{"line":2,"column":4},"end":{"line":4,"column":5}}],"line":2},"1":{"loc":{"start":{"line":2,"column":9},"end":{"line":2,"column":15}},"type":"binary-expr","locations":[{"start":{"line":2,"column":9},"end":{"line":2,"column":10}},{"start":{"line":2,"column":14},"end":{"line":2,"column":15}}],"line":2}},"s":{"0":3,"1":1,"2":2,"3":1},"f":{"0":3},"b":{"0":[1,2],"1":[3,3]},"_coverageSchema":"332fd63041d2c1bcb487cc26dd0d5f7d97098a6c","hash":"299f4476d1ffbacf6de5b58257fbc5bf77958cd2"}
,"/Users/chaowalit.kon/Documents/learning/javascripting/functional-javascript/TDD/unit-testing/sum-of-array.js": {"path":"/Users/chaowalit.kon/Documents/learning/javascripting/functional-javascript/TDD/unit-testing/sum-of-array.js","statementMap":{"0":{"start":{"line":2,"column":4},"end":{"line":4,"column":5}},"1":{"start":{"line":3,"column":8},"end":{"line":3,"column":21}},"2":{"start":{"line":10,"column":4},"end":{"line":12,"column":7}},"3":{"start":{"line":11,"column":8},"end":{"line":11,"column":42}},"4":{"start":{"line":15,"column":0},"end":{"line":15,"column":28}}},"fnMap":{"0":{"name":"sumOfArray","decl":{"start":{"line":1,"column":9},"end":{"line":1,"column":19}},"loc":{"start":{"line":1,"column":25},"end":{"line":13,"column":1}},"line":1},"1":{"name":"(anonymous_1)","decl":{"start":{"line":10,"column":23},"end":{"line":10,"column":24}},"loc":{"start":{"line":10,"column":59},"end":{"line":12,"column":5}},"line":10}},"branchMap":{"0":{"loc":{"start":{"line":2,"column":4},"end":{"line":4,"column":5}},"type":"if","locations":[{"start":{"line":2,"column":4},"end":{"line":4,"column":5}},{"start":{"line":2,"column":4},"end":{"line":4,"column":5}}],"line":2}},"s":{"0":3,"1":2,"2":1,"3":2,"4":1},"f":{"0":3,"1":2},"b":{"0":[2,1]},"_coverageSchema":"332fd63041d2c1bcb487cc26dd0d5f7d97098a6c","hash":"ce66aade24693df9ad7f63889ca454c818659daf"}
,"/Users/chaowalit.kon/Documents/learning/javascripting/functional-javascript/TDD/unit-testing/sum-recursive.js": {"path":"/Users/chaowalit.kon/Documents/learning/javascripting/functional-javascript/TDD/unit-testing/sum-recursive.js","statementMap":{"0":{"start":{"line":2,"column":4},"end":{"line":4,"column":5}},"1":{"start":{"line":3,"column":8},"end":{"line":3,"column":21}},"2":{"start":{"line":5,"column":4},"end":{"line":10,"column":5}},"3":{"start":{"line":6,"column":8},"end":{"line":6,"column":17}},"4":{"start":{"line":8,"column":9},"end":{"line":10,"column":5}},"5":{"start":{"line":9,"column":8},"end":{"line":9,"column":21}},"6":{"start":{"line":11,"column":4},"end":{"line":11,"column":41}},"7":{"start":{"line":14,"column":0},"end":{"line":14,"column":30}}},"fnMap":{"0":{"name":"sumRecursive","decl":{"start":{"line":1,"column":9},"end":{"line":1,"column":21}},"loc":{"start":{"line":1,"column":26},"end":{"line":12,"column":1}},"line":1}},"branchMap":{"0":{"loc":{"start":{"line":2,"column":4},"end":{"line":4,"column":5}},"type":"if","locations":[{"start":{"line":2,"column":4},"end":{"line":4,"column":5}},{"start":{"line":2,"column":4},"end":{"line":4,"column":5}}],"line":2},"1":{"loc":{"start":{"line":5,"column":4},"end":{"line":10,"column":5}},"type":"if","locations":[{"start":{"line":5,"column":4},"end":{"line":10,"column":5}},{"start":{"line":5,"column":4},"end":{"line":10,"column":5}}],"line":5},"2":{"loc":{"start":{"line":8,"column":9},"end":{"line":10,"column":5}},"type":"if","locations":[{"start":{"line":8,"column":9},"end":{"line":10,"column":5}},{"start":{"line":8,"column":9},"end":{"line":10,"column":5}}],"line":8}},"s":{"0":16,"1":2,"2":14,"3":2,"4":12,"5":1,"6":11,"7":1},"f":{"0":16},"b":{"0":[2,14],"1":[2,12],"2":[1,11]},"_coverageSchema":"332fd63041d2c1bcb487cc26dd0d5f7d97098a6c","hash":"38652a0e7aa2205210aefb609377789734af8dc8"}
,"/Users/chaowalit.kon/Documents/learning/javascripting/functional-javascript/TDD/unit-testing/sum.js": {"path":"/Users/chaowalit.kon/Documents/learning/javascripting/functional-javascript/TDD/unit-testing/sum.js","statementMap":{"0":{"start":{"line":2,"column":4},"end":{"line":4,"column":5}},"1":{"start":{"line":3,"column":8},"end":{"line":3,"column":31}},"2":{"start":{"line":5,"column":4},"end":{"line":5,"column":17}},"3":{"start":{"line":8,"column":0},"end":{"line":8,"column":21}}},"fnMap":{"0":{"name":"sum","decl":{"start":{"line":1,"column":9},"end":{"line":1,"column":12}},"loc":{"start":{"line":1,"column":18},"end":{"line":6,"column":1}},"line":1}},"branchMap":{"0":{"loc":{"start":{"line":2,"column":4},"end":{"line":4,"column":5}},"type":"if","locations":[{"start":{"line":2,"column":4},"end":{"line":4,"column":5}},{"start":{"line":2,"column":4},"end":{"line":4,"column":5}}],"line":2},"1":{"loc":{"start":{"line":2,"column":9},"end":{"line":2,"column":15}},"type":"binary-expr","locations":[{"start":{"line":2,"column":9},"end":{"line":2,"column":10}},{"start":{"line":2,"column":14},"end":{"line":2,"column":15}}],"line":2}},"s":{"0":3,"1":1,"2":2,"3":1},"f":{"0":3},"b":{"0":[1,2],"1":[3,3]},"_coverageSchema":"332fd63041d2c1bcb487cc26dd0d5f7d97098a6c","hash":"cc2d2711c5aa6d8d56b316d5bf8c7eb716287b47"}
}
