TN:
SF:/Users/chaowalit.kon/Documents/learning/javascripting/functional-javascript/TDD/unit-testing/do-math.js
FN:1,(anonymous_0)
FN:5,(anonymous_1)
FN:7,(anonymous_2)
FNF:3
FNH:3
FNDA:3,(anonymous_0)
FNDA:3,(anonymous_1)
FNDA:3,(anonymous_2)
DA:1,1
DA:2,3
DA:4,3
DA:5,3
DA:6,2
DA:7,3
DA:9,1
DA:14,1
LF:8
LH:8
BRDA:4,0,0,1
BRDA:4,0,1,2
BRDA:6,1,0,1
BRDA:6,1,1,1
BRF:4
BRH:4
end_of_record
TN:
SF:/Users/chaowalit.kon/Documents/learning/javascripting/functional-javascript/TDD/unit-testing/do-math2.js
FN:1,(anonymous_0)
FN:4,(anonymous_1)
FN:6,(anonymous_2)
FNF:3
FNH:3
FNDA:4,(anonymous_0)
FNDA:6,(anonymous_1)
FNDA:3,(anonymous_2)
DA:1,1
DA:3,4
DA:4,6
DA:5,2
DA:6,3
DA:8,1
DA:13,1
LF:7
LH:7
BRDA:1,0,0,1
BRDA:3,1,0,2
BRDA:3,1,1,2
BRDA:5,2,0,1
BRDA:5,2,1,1
BRF:5
BRH:5
end_of_record
TN:
SF:/Users/chaowalit.kon/Documents/learning/javascripting/functional-javascript/TDD/unit-testing/generate-pattern.js
FN:1,(anonymous_0)
FN:6,(anonymous_1)
FNF:2
FNH:2
FNDA:6,(anonymous_0)
FNDA:6,(anonymous_1)
DA:1,1
DA:2,6
DA:3,4
DA:5,2
DA:6,2
DA:7,6
DA:8,1
DA:11,5
DA:12,12
DA:14,5
DA:15,2
DA:18,3
DA:36,2
DA:39,1
LF:14
LH:14
BRDA:2,0,0,4
BRDA:2,0,1,2
BRDA:7,1,0,1
BRDA:7,1,1,5
BRDA:14,2,0,2
BRDA:14,2,1,3
BRF:6
BRH:6
end_of_record
TN:
SF:/Users/chaowalit.kon/Documents/learning/javascripting/functional-javascript/TDD/unit-testing/print-pattern.js
FN:1,(anonymous_0)
FNF:1
FNH:1
FNDA:4,(anonymous_0)
DA:1,1
DA:2,4
DA:3,3
DA:5,1
DA:21,1
LF:5
LH:5
BRDA:2,0,0,3
BRDA:2,0,1,1
BRF:2
BRH:2
end_of_record
TN:
SF:/Users/chaowalit.kon/Documents/learning/javascripting/functional-javascript/TDD/unit-testing/print-stars-numbers.js
FN:1,(anonymous_0)
FN:19,(anonymous_1)
FN:37,(anonymous_2)
FN:38,(anonymous_3)
FNF:4
FNH:4
FNDA:3,(anonymous_0)
FNDA:3,(anonymous_1)
FNDA:2,(anonymous_2)
FNDA:4,(anonymous_3)
DA:1,1
DA:2,3
DA:3,3
DA:4,7
DA:5,12
DA:6,7
DA:7,3
DA:9,4
DA:12,5
DA:16,3
DA:19,1
DA:20,3
DA:21,3
DA:22,10
DA:23,22
DA:24,10
DA:25,3
DA:27,7
DA:30,12
DA:34,3
DA:37,1
DA:38,4
DA:39,2
DA:42,1
DA:47,1
LF:25
LH:25
BRDA:1,0,0,1
BRDA:5,1,0,7
BRDA:5,1,1,5
BRDA:6,2,0,3
BRDA:6,2,1,4
BRDA:19,3,0,1
BRDA:23,4,0,10
BRDA:23,4,1,12
BRDA:24,5,0,3
BRDA:24,5,1,7
BRF:10
BRH:10
end_of_record
TN:
SF:/Users/chaowalit.kon/Documents/learning/javascripting/functional-javascript/TDD/unit-testing/print.js
FN:1,sum
FNF:1
FNH:0
FNDA:0,sum
DA:2,0
DA:3,0
DA:4,0
DA:6,0
DA:9,0
LF:5
LH:0
BRDA:3,0,0,0
BRDA:3,0,1,0
BRF:2
BRH:0
end_of_record
TN:
SF:/Users/chaowalit.kon/Documents/learning/javascripting/functional-javascript/TDD/unit-testing/subtract.js
FN:1,sum
FNF:1
FNH:1
FNDA:3,sum
DA:2,3
DA:3,1
DA:5,2
DA:8,1
LF:4
LH:4
BRDA:2,0,0,1
BRDA:2,0,1,2
BRDA:2,1,0,3
BRDA:2,1,1,3
BRF:4
BRH:4
end_of_record
TN:
SF:/Users/chaowalit.kon/Documents/learning/javascripting/functional-javascript/TDD/unit-testing/sum-of-array.js
FN:1,sumOfArray
FN:10,(anonymous_1)
FNF:2
FNH:2
FNDA:3,sumOfArray
FNDA:2,(anonymous_1)
DA:2,3
DA:3,2
DA:10,1
DA:11,2
DA:15,1
LF:5
LH:5
BRDA:2,0,0,2
BRDA:2,0,1,1
BRF:2
BRH:2
end_of_record
TN:
SF:/Users/chaowalit.kon/Documents/learning/javascripting/functional-javascript/TDD/unit-testing/sum-recursive.js
FN:1,sumRecursive
FNF:1
FNH:1
FNDA:16,sumRecursive
DA:2,16
DA:3,2
DA:5,14
DA:6,2
DA:8,12
DA:9,1
DA:11,11
DA:14,1
LF:8
LH:8
BRDA:2,0,0,2
BRDA:2,0,1,14
BRDA:5,1,0,2
BRDA:5,1,1,12
BRDA:8,2,0,1
BRDA:8,2,1,11
BRF:6
BRH:6
end_of_record
TN:
SF:/Users/chaowalit.kon/Documents/learning/javascripting/functional-javascript/TDD/unit-testing/sum.js
FN:1,sum
FNF:1
FNH:1
FNDA:3,sum
DA:2,3
DA:3,1
DA:5,2
DA:8,1
LF:4
LH:4
BRDA:2,0,0,1
BRDA:2,0,1,2
BRDA:2,1,0,3
BRDA:2,1,1,3
BRF:4
BRH:4
end_of_record
